servustv-provider/build/intermediates/manifest_merge_blame_file/debug/processDebugMainManifest/manifest-merger-blame-debug-report.txt
1<?xml version="1.0" encoding="utf-8"?>
2<manifest xmlns:android="http://schemas.android.com/apk/res/android"
3    package="com.andreassamitsch.servusprovider"
4    android:versionCode="1"
5    android:versionName="0.1.0-prototype" >
6
7    <uses-sdk
7-->INJECTED
8        android:minSdkVersion="26"
8-->INJECTED
9        android:targetSdkVersion="36" />
9-->INJECTED
10
11    <uses-permission android:name="android.permission.INTERNET" />
11-->src/main/AndroidManifest.xml:3:5-67
11-->src/main/AndroidManifest.xml:3:22-64
12    <uses-permission android:name="android.permission.REQUEST_INSTALL_PACKAGES" />
12-->src/main/AndroidManifest.xml:4:5-83
12-->src/main/AndroidManifest.xml:4:22-80
13    <uses-permission android:name="com.android.providers.tv.permission.WRITE_EPG_DATA" />
13-->src/main/AndroidManifest.xml:5:5-90
13-->src/main/AndroidManifest.xml:5:22-87
14
15    <uses-feature
15-->src/main/AndroidManifest.xml:7:5-87
16        android:name="android.software.leanback"
16-->src/main/AndroidManifest.xml:7:19-59
17        android:required="false" />
17-->src/main/AndroidManifest.xml:7:60-84
18    <uses-feature
18-->src/main/AndroidManifest.xml:8:5-90
19        android:name="android.hardware.touchscreen"
19-->src/main/AndroidManifest.xml:8:19-62
20        android:required="false" />
20-->src/main/AndroidManifest.xml:8:63-87
21
22    <uses-permission android:name="android.permission.WAKE_LOCK" />
22-->[androidx.work:work-runtime:2.11.2] AndroidManifest.xml:23:5-68
22-->[androidx.work:work-runtime:2.11.2] AndroidManifest.xml:23:22-65
23    <uses-permission android:name="android.permission.ACCESS_NETWORK_STATE" />
23-->[androidx.work:work-runtime:2.11.2] AndroidManifest.xml:24:5-79
23-->[androidx.work:work-runtime:2.11.2] AndroidManifest.xml:24:22-76
24    <uses-permission android:name="android.permission.RECEIVE_BOOT_COMPLETED" />
24-->[androidx.work:work-runtime:2.11.2] AndroidManifest.xml:25:5-81
24-->[androidx.work:work-runtime:2.11.2] AndroidManifest.xml:25:22-78
25    <uses-permission android:name="android.permission.FOREGROUND_SERVICE" />
25-->[androidx.work:work-runtime:2.11.2] AndroidManifest.xml:26:5-77
25-->[androidx.work:work-runtime:2.11.2] AndroidManifest.xml:26:22-74
26    <uses-permission android:name="com.android.providers.tv.permission.READ_EPG_DATA" />
26-->[androidx.tvprovider:tvprovider:1.1.0] AndroidManifest.xml:23:5-89
26-->[androidx.tvprovider:tvprovider:1.1.0] AndroidManifest.xml:23:22-86
27
28    <permission
28-->[androidx.core:core:1.18.0] AndroidManifest.xml:22:5-24:47
29        android:name="com.andreassamitsch.servusprovider.DYNAMIC_RECEIVER_NOT_EXPORTED_PERMISSION"
29-->[androidx.core:core:1.18.0] AndroidManifest.xml:23:9-81
30        android:protectionLevel="signature" />
30-->[androidx.core:core:1.18.0] AndroidManifest.xml:24:9-44
31
32    <uses-permission android:name="com.andreassamitsch.servusprovider.DYNAMIC_RECEIVER_NOT_EXPORTED_PERMISSION" />
32-->[androidx.core:core:1.18.0] AndroidManifest.xml:26:5-97
32-->[androidx.core:core:1.18.0] AndroidManifest.xml:26:22-94
33
34    <application
34-->src/main/AndroidManifest.xml:10:5-72:19
35        android:allowBackup="false"
35-->src/main/AndroidManifest.xml:11:9-36
36        android:appComponentFactory="androidx.core.app.CoreComponentFactory"
36-->[androidx.core:core:1.18.0] AndroidManifest.xml:28:18-86
37        android:banner="@drawable/tv_banner"
37-->src/main/AndroidManifest.xml:12:9-45
38        android:debuggable="true"
39        android:extractNativeLibs="false"
39-->INJECTED
40        android:icon="@mipmap/ic_launcher"
40-->src/main/AndroidManifest.xml:13:9-43
41        android:label="ServusTV"
41-->src/main/AndroidManifest.xml:15:9-33
42        android:roundIcon="@mipmap/ic_launcher_round"
42-->src/main/AndroidManifest.xml:14:9-54
43        android:supportsRtl="true"
43-->src/main/AndroidManifest.xml:16:9-35
44        android:theme="@style/Theme.ServusProvider" >
44-->src/main/AndroidManifest.xml:17:9-52
45        <provider
45-->INJECTED
46            android:name="com.andreassamitsch.servusprovider.tv.ServusBrandingProvider"
46-->src/main/AndroidManifest.xml:20:13-54
47            android:authorities="com.andreassamitsch.servusprovider.branding"
47-->INJECTED
48            android:exported="true"
48-->src/main/AndroidManifest.xml:22:13-36
49            android:grantUriPermissions="false" />
49-->src/main/AndroidManifest.xml:23:13-48
50
51        <activity
51-->src/main/AndroidManifest.xml:25:9-35:20
52            android:name="com.andreassamitsch.servusprovider.ui.PlaybackActivity"
52-->src/main/AndroidManifest.xml:26:13-48
53            android:configChanges="orientation|screenSize|smallestScreenSize"
53-->src/main/AndroidManifest.xml:27:13-78
54            android:exported="true" >
54-->src/main/AndroidManifest.xml:28:13-36
55            <intent-filter>
55-->src/main/AndroidManifest.xml:29:13-34:29
56                <action android:name="android.intent.action.VIEW" />
56-->src/main/AndroidManifest.xml:30:17-69
56-->src/main/AndroidManifest.xml:30:25-66
57
58                <category android:name="android.intent.category.DEFAULT" />
58-->src/main/AndroidManifest.xml:31:17-76
58-->src/main/AndroidManifest.xml:31:27-73
59                <category android:name="android.intent.category.BROWSABLE" />
59-->src/main/AndroidManifest.xml:32:17-78
59-->src/main/AndroidManifest.xml:32:27-75
60
61                <data
61-->src/main/AndroidManifest.xml:33:17-70
62                    android:host="play"
62-->src/main/AndroidManifest.xml:33:48-67
63                    android:scheme="iservus" />
63-->src/main/AndroidManifest.xml:33:23-47
64            </intent-filter>
65        </activity>
66        <activity
66-->src/main/AndroidManifest.xml:37:9-46:20
67            android:name="com.andreassamitsch.servusprovider.ui.ShowActivity"
67-->src/main/AndroidManifest.xml:38:13-44
68            android:exported="true" >
68-->src/main/AndroidManifest.xml:39:13-36
69            <intent-filter>
69-->src/main/AndroidManifest.xml:40:13-45:29
70                <action android:name="android.intent.action.VIEW" />
70-->src/main/AndroidManifest.xml:30:17-69
70-->src/main/AndroidManifest.xml:30:25-66
71
72                <category android:name="android.intent.category.DEFAULT" />
72-->src/main/AndroidManifest.xml:31:17-76
72-->src/main/AndroidManifest.xml:31:27-73
73                <category android:name="android.intent.category.BROWSABLE" />
73-->src/main/AndroidManifest.xml:32:17-78
73-->src/main/AndroidManifest.xml:32:27-75
74
75                <data
75-->src/main/AndroidManifest.xml:33:17-70
76                    android:host="show"
76-->src/main/AndroidManifest.xml:33:48-67
77                    android:scheme="iservus" />
77-->src/main/AndroidManifest.xml:33:23-47
78            </intent-filter>
79        </activity>
80        <activity
80-->src/main/AndroidManifest.xml:48:9-62:20
81            android:name="com.andreassamitsch.servusprovider.ui.MainActivity"
81-->src/main/AndroidManifest.xml:49:13-44
82            android:exported="true" >
82-->src/main/AndroidManifest.xml:50:13-36
83            <intent-filter>
83-->src/main/AndroidManifest.xml:51:13-55:29
84                <action android:name="android.intent.action.MAIN" />
84-->src/main/AndroidManifest.xml:52:17-69
84-->src/main/AndroidManifest.xml:52:25-66
85
86                <category android:name="android.intent.category.LAUNCHER" />
86-->src/main/AndroidManifest.xml:53:17-77
86-->src/main/AndroidManifest.xml:53:27-74
87                <category android:name="android.intent.category.LEANBACK_LAUNCHER" />
87-->src/main/AndroidManifest.xml:54:17-86
87-->src/main/AndroidManifest.xml:54:27-83
88            </intent-filter>
89            <intent-filter>
89-->src/main/AndroidManifest.xml:56:13-61:29
90                <action android:name="android.intent.action.VIEW" />
90-->src/main/AndroidManifest.xml:30:17-69
90-->src/main/AndroidManifest.xml:30:25-66
91
92                <category android:name="android.intent.category.DEFAULT" />
92-->src/main/AndroidManifest.xml:31:17-76
92-->src/main/AndroidManifest.xml:31:27-73
93                <category android:name="android.intent.category.BROWSABLE" />
93-->src/main/AndroidManifest.xml:32:17-78
93-->src/main/AndroidManifest.xml:32:27-75
94
95                <data
95-->src/main/AndroidManifest.xml:33:17-70
96                    android:host="channel"
96-->src/main/AndroidManifest.xml:33:48-67
97                    android:scheme="iservus" />
97-->src/main/AndroidManifest.xml:33:23-47
98            </intent-filter>
99        </activity>
100
101        <receiver
101-->src/main/AndroidManifest.xml:64:9-71:20
102            android:name="com.andreassamitsch.servusprovider.work.ServusInitializeReceiver"
102-->src/main/AndroidManifest.xml:65:13-58
103            android:exported="true" >
103-->src/main/AndroidManifest.xml:66:13-36
104            <intent-filter>
104-->src/main/AndroidManifest.xml:67:13-70:29
105                <action android:name="android.media.tv.action.INITIALIZE_PROGRAMS" />
105-->src/main/AndroidManifest.xml:68:17-86
105-->src/main/AndroidManifest.xml:68:25-83
106                <action android:name="android.intent.action.MY_PACKAGE_REPLACED" />
106-->src/main/AndroidManifest.xml:69:17-84
106-->src/main/AndroidManifest.xml:69:25-81
107            </intent-filter>
108        </receiver>
109
110        <provider
110-->[androidx.work:work-runtime:2.11.2] AndroidManifest.xml:29:9-37:20
111            android:name="androidx.startup.InitializationProvider"
111-->[androidx.work:work-runtime:2.11.2] AndroidManifest.xml:30:13-67
112            android:authorities="com.andreassamitsch.servusprovider.androidx-startup"
112-->[androidx.work:work-runtime:2.11.2] AndroidManifest.xml:31:13-68
113            android:exported="false" >
113-->[androidx.work:work-runtime:2.11.2] AndroidManifest.xml:32:13-37
114            <meta-data
114-->[androidx.work:work-runtime:2.11.2] AndroidManifest.xml:34:13-36:52
115                android:name="androidx.work.WorkManagerInitializer"
115-->[androidx.work:work-runtime:2.11.2] AndroidManifest.xml:35:17-68
116                android:value="androidx.startup" />
116-->[androidx.work:work-runtime:2.11.2] AndroidManifest.xml:36:17-49
117            <meta-data
117-->[androidx.profileinstaller:profileinstaller:1.4.0] AndroidManifest.xml:29:13-31:52
118                android:name="androidx.profileinstaller.ProfileInstallerInitializer"
118-->[androidx.profileinstaller:profileinstaller:1.4.0] AndroidManifest.xml:30:17-85
119                android:value="androidx.startup" />
119-->[androidx.profileinstaller:profileinstaller:1.4.0] AndroidManifest.xml:31:17-49
120            <meta-data
120-->[com.squareup.okhttp3:okhttp-android:5.3.0] AndroidManifest.xml:16:13-18:52
121                android:name="okhttp3.internal.platform.PlatformInitializer"
121-->[com.squareup.okhttp3:okhttp-android:5.3.0] AndroidManifest.xml:17:17-77
122                android:value="androidx.startup" />
122-->[com.squareup.okhttp3:okhttp-android:5.3.0] AndroidManifest.xml:18:17-49
123        </provider>
124
125        <service
125-->[androidx.work:work-runtime:2.11.2] AndroidManifest.xml:39:9-45:35
126            android:name="androidx.work.impl.background.systemjob.SystemJobService"
126-->[androidx.work:work-runtime:2.11.2] AndroidManifest.xml:40:13-84
127            android:directBootAware="false"
127-->[androidx.work:work-runtime:2.11.2] AndroidManifest.xml:41:13-44
128            android:enabled="@bool/enable_system_job_service_default"
128-->[androidx.work:work-runtime:2.11.2] AndroidManifest.xml:42:13-70
129            android:exported="true"
129-->[androidx.work:work-runtime:2.11.2] AndroidManifest.xml:43:13-36
130            android:permission="android.permission.BIND_JOB_SERVICE" />
130-->[androidx.work:work-runtime:2.11.2] AndroidManifest.xml:44:13-69
131        <service
131-->[androidx.work:work-runtime:2.11.2] AndroidManifest.xml:46:9-52:35
132            android:name="androidx.work.impl.foreground.SystemForegroundService"
132-->[androidx.work:work-runtime:2.11.2] AndroidManifest.xml:47:13-81
133            android:directBootAware="false"
133-->[androidx.work:work-runtime:2.11.2] AndroidManifest.xml:48:13-44
134            android:enabled="@bool/enable_system_foreground_service_default"
134-->[androidx.work:work-runtime:2.11.2] AndroidManifest.xml:49:13-77
135            android:exported="false" />
135-->[androidx.work:work-runtime:2.11.2] AndroidManifest.xml:50:13-37
136
137        <receiver
137-->[androidx.work:work-runtime:2.11.2] AndroidManifest.xml:54:9-59:35
138            android:name="androidx.work.impl.utils.ForceStopRunnable$BroadcastReceiver"
138-->[androidx.work:work-runtime:2.11.2] AndroidManifest.xml:55:13-88
139            android:directBootAware="false"
139-->[androidx.work:work-runtime:2.11.2] AndroidManifest.xml:56:13-44
140            android:enabled="true"
140-->[androidx.work:work-runtime:2.11.2] AndroidManifest.xml:57:13-35
141            android:exported="false" />
141-->[androidx.work:work-runtime:2.11.2] AndroidManifest.xml:58:13-37
142        <receiver
142-->[androidx.work:work-runtime:2.11.2] AndroidManifest.xml:60:9-69:20
143            android:name="androidx.work.impl.background.systemalarm.RescheduleReceiver"
143-->[androidx.work:work-runtime:2.11.2] AndroidManifest.xml:61:13-88
144            android:directBootAware="false"
144-->[androidx.work:work-runtime:2.11.2] AndroidManifest.xml:62:13-44
145            android:enabled="false"
145-->[androidx.work:work-runtime:2.11.2] AndroidManifest.xml:63:13-36
146            android:exported="false" >
146-->[androidx.work:work-runtime:2.11.2] AndroidManifest.xml:64:13-37
147            <intent-filter>
147-->[androidx.work:work-runtime:2.11.2] AndroidManifest.xml:66:13-68:29
148                <action android:name="android.intent.action.BOOT_COMPLETED" />
148-->[androidx.work:work-runtime:2.11.2] AndroidManifest.xml:67:17-79
148-->[androidx.work:work-runtime:2.11.2] AndroidManifest.xml:67:25-76
149            </intent-filter>
150        </receiver>
151        <receiver
151-->[androidx.work:work-runtime:2.11.2] AndroidManifest.xml:70:9-80:20
152            android:name="androidx.work.impl.diagnostics.DiagnosticsReceiver"
152-->[androidx.work:work-runtime:2.11.2] AndroidManifest.xml:71:13-78
153            android:directBootAware="false"
153-->[androidx.work:work-runtime:2.11.2] AndroidManifest.xml:72:13-44
154            android:enabled="true"
154-->[androidx.work:work-runtime:2.11.2] AndroidManifest.xml:73:13-35
155            android:exported="true"
155-->[androidx.work:work-runtime:2.11.2] AndroidManifest.xml:74:13-36
156            android:permission="android.permission.DUMP" >
156-->[androidx.work:work-runtime:2.11.2] AndroidManifest.xml:75:13-57
157            <intent-filter>
157-->[androidx.work:work-runtime:2.11.2] AndroidManifest.xml:77:13-79:29
158                <action android:name="androidx.work.diagnostics.REQUEST_DIAGNOSTICS" />
158-->[androidx.work:work-runtime:2.11.2] AndroidManifest.xml:78:17-88
158-->[androidx.work:work-runtime:2.11.2] AndroidManifest.xml:78:25-85
159            </intent-filter>
160        </receiver>
161
162        <service
162-->[androidx.room:room-runtime-android:2.7.0] AndroidManifest.xml:24:9-28:63
163            android:name="androidx.room.MultiInstanceInvalidationService"
163-->[androidx.room:room-runtime-android:2.7.0] AndroidManifest.xml:25:13-74
164            android:directBootAware="true"
164-->[androidx.room:room-runtime-android:2.7.0] AndroidManifest.xml:26:13-43
165            android:exported="false" />
165-->[androidx.room:room-runtime-android:2.7.0] AndroidManifest.xml:27:13-37
166
167        <receiver
167-->[androidx.profileinstaller:profileinstaller:1.4.0] AndroidManifest.xml:34:9-52:20
168            android:name="androidx.profileinstaller.ProfileInstallReceiver"
168-->[androidx.profileinstaller:profileinstaller:1.4.0] AndroidManifest.xml:35:13-76
169            android:directBootAware="false"
169-->[androidx.profileinstaller:profileinstaller:1.4.0] AndroidManifest.xml:36:13-44
170            android:enabled="true"
170-->[androidx.profileinstaller:profileinstaller:1.4.0] AndroidManifest.xml:37:13-35
171            android:exported="true"
171-->[androidx.profileinstaller:profileinstaller:1.4.0] AndroidManifest.xml:38:13-36
172            android:permission="android.permission.DUMP" >
172-->[androidx.profileinstaller:profileinstaller:1.4.0] AndroidManifest.xml:39:13-57
173            <intent-filter>
173-->[androidx.profileinstaller:profileinstaller:1.4.0] AndroidManifest.xml:40:13-42:29
174                <action android:name="androidx.profileinstaller.action.INSTALL_PROFILE" />
174-->[androidx.profileinstaller:profileinstaller:1.4.0] AndroidManifest.xml:41:17-91
174-->[androidx.profileinstaller:profileinstaller:1.4.0] AndroidManifest.xml:41:25-88
175            </intent-filter>
176            <intent-filter>
176-->[androidx.profileinstaller:profileinstaller:1.4.0] AndroidManifest.xml:43:13-45:29
177                <action android:name="androidx.profileinstaller.action.SKIP_FILE" />
177-->[androidx.profileinstaller:profileinstaller:1.4.0] AndroidManifest.xml:44:17-85
177-->[androidx.profileinstaller:profileinstaller:1.4.0] AndroidManifest.xml:44:25-82
178            </intent-filter>
179            <intent-filter>
179-->[androidx.profileinstaller:profileinstaller:1.4.0] AndroidManifest.xml:46:13-48:29
180                <action android:name="androidx.profileinstaller.action.SAVE_PROFILE" />
180-->[androidx.profileinstaller:profileinstaller:1.4.0] AndroidManifest.xml:47:17-88
180-->[androidx.profileinstaller:profileinstaller:1.4.0] AndroidManifest.xml:47:25-85
181            </intent-filter>
182            <intent-filter>
182-->[androidx.profileinstaller:profileinstaller:1.4.0] AndroidManifest.xml:49:13-51:29
183                <action android:name="androidx.profileinstaller.action.BENCHMARK_OPERATION" />
183-->[androidx.profileinstaller:profileinstaller:1.4.0] AndroidManifest.xml:50:17-95
183-->[androidx.profileinstaller:profileinstaller:1.4.0] AndroidManifest.xml:50:25-92
184            </intent-filter>
185        </receiver>
186    </application>
187
188</manifest>